<?xml version="1.0" encoding="UTF-8"?>
<!-- Generated by org.testng.reporters.JUnitReportReporter -->
<testsuite hostname="SHREE-PC" name="TestNG.ByusingSelectClass" tests="1" failures="0" timestamp="9 Aug 2018 10:59:37 GMT" time="1.583" errors="0">
  <testcase name="f" time="1.583" classname="TestNG.ByusingSelectClass"/>
</testsuite> <!-- TestNG.ByusingSelectClass -->
