<?xml version="1.0" encoding="UTF-8"?>
<!-- Generated by org.testng.reporters.JUnitReportReporter -->
<testsuite hostname="SHREE-PC" name="TestNG.NewTest" tests="1" failures="0" timestamp="9 Aug 2018 12:25:10 GMT" time="2.805" errors="0">
  <testcase name="f" time="2.805" classname="TestNG.NewTest"/>
</testsuite> <!-- TestNG.NewTest -->
