<?xml version="1.0" encoding="UTF-8"?>
<!-- Generated by org.testng.reporters.JUnitReportReporter -->
<testsuite hostname="SHREE-PC" name="Corejava.Palindrom" tests="1" failures="0" timestamp="6 Aug 2018 12:36:33 GMT" time="0.047" errors="0">
  <testcase name="f" time="0.047" classname="Corejava.Palindrom"/>
</testsuite> <!-- Corejava.Palindrom -->
