<?xml version="1.0" encoding="UTF-8"?>
<!-- Generated by org.testng.reporters.JUnitReportReporter -->
<testsuite hostname="SHREE-PC" name="Corejava.SplitString" tests="1" failures="0" timestamp="6 Aug 2018 12:49:01 GMT" time="0.031" errors="0">
  <testcase name="f" time="0.031" classname="Corejava.SplitString"/>
</testsuite> <!-- Corejava.SplitString -->
